\BOOKMARK [0][-]{chapter.1}{\376\377\000I\000n\000t\000r\000o\000d\000u\000c\000c\000i\000\363\000n}{}% 1
\BOOKMARK [1][-]{section.1.1}{\376\377\000A\000n\000t\000e\000c\000e\000d\000e\000n\000t\000e\000s}{chapter.1}% 2
\BOOKMARK [1][-]{section.1.2}{\376\377\000P\000l\000a\000n\000t\000e\000a\000m\000i\000e\000n\000t\000o\000\040\000d\000e\000l\000\040\000p\000r\000o\000b\000l\000e\000m\000a}{chapter.1}% 3
\BOOKMARK [1][-]{section.1.3}{\376\377\000J\000u\000s\000t\000i\000f\000i\000c\000a\000c\000i\000\363\000n}{chapter.1}% 4
\BOOKMARK [1][-]{section.1.4}{\376\377\000O\000b\000j\000e\000t\000i\000v\000o\000s}{chapter.1}% 5
\BOOKMARK [1][-]{section.1.5}{\376\377\000M\000e\000t\000o\000d\000o\000l\000o\000g\000\355\000a}{chapter.1}% 6
\BOOKMARK [1][-]{section.1.6}{\376\377\000A\000l\000c\000a\000n\000c\000e\000s}{chapter.1}% 7
\BOOKMARK [0][-]{chapter.2}{\376\377\000M\000a\000r\000c\000o\000\040\000R\000e\000f\000e\000r\000e\000n\000c\000i\000a\000l}{}% 8
\BOOKMARK [1][-]{section.2.1}{\376\377\000E\000-\000C\000o\000m\000m\000e\000r\000c\000e}{chapter.2}% 9
\BOOKMARK [1][-]{section.2.2}{\376\377\000M\000o\000d\000e\000l\000o}{chapter.2}% 10
\BOOKMARK [2][-]{subsection.2.2.1}{\376\377\000M\000o\000d\000e\000l\000o\000\040\000E\000s\000t\000a\000d\000\355\000s\000t\000i\000c\000o}{section.2.2}% 11
\BOOKMARK [2][-]{subsection.2.2.2}{\376\377\000M\000o\000d\000e\000l\000o\000s\000\040\000B\000u\000y\000-\000T\000i\000l\000l\000-\000Y\000o\000u\000-\000D\000i\000e\000\040\000\050\000B\000T\000Y\000D\000\051}{section.2.2}% 12
\BOOKMARK [2][-]{subsection.2.2.3}{\376\377\000M\000o\000d\000e\000l\000o\000\040\000P\000a\000r\000e\000t\000o\000\040\000/\000\040\000N\000B\000D}{section.2.2}% 13
\BOOKMARK [2][-]{subsection.2.2.4}{\376\377\000M\000o\000d\000e\000l\000o\000\040\000B\000G\000\040\000/\000\040\000N\000B\000D}{section.2.2}% 14
\BOOKMARK [1][-]{section.2.3}{\376\377\000D\000a\000t\000a}{chapter.2}% 15
\BOOKMARK [2][-]{subsection.2.3.1}{\376\377\000D\000a\000t\000a\000s\000e\000t}{section.2.3}% 16
\BOOKMARK [1][-]{section.2.4}{\376\377\000H\000e\000r\000r\000a\000m\000i\000e\000n\000t\000a\000s\000\040\000T\000e\000c\000n\000o\000l\000\363\000g\000i\000c\000a\000s}{chapter.2}% 17
\BOOKMARK [2][-]{subsection.2.4.1}{\376\377\000P\000y\000t\000h\000o\000n}{section.2.4}% 18
\BOOKMARK [2][-]{subsection.2.4.2}{\376\377\000B\000i\000b\000l\000i\000o\000t\000e\000c\000a\000\040\000L\000i\000f\000e\000t\000i\000m\000e\000s}{section.2.4}% 19
\BOOKMARK [2][-]{subsection.2.4.3}{\376\377\000B\000i\000b\000l\000i\000o\000t\000e\000c\000a\000\040\000P\000a\000n\000d\000a\000s}{section.2.4}% 20
\BOOKMARK [2][-]{subsection.2.4.4}{\376\377\000B\000i\000b\000l\000i\000o\000t\000e\000c\000a\000\040\000M\000a\000t\000p\000l\000o\000t\000L\000i\000b}{section.2.4}% 21
\BOOKMARK [2][-]{subsection.2.4.5}{\376\377\000J\000u\000p\000y\000t\000e\000r\000\040\000N\000o\000t\000e\000b\000o\000o\000k}{section.2.4}% 22
\BOOKMARK [2][-]{subsection.2.4.6}{\376\377\000F\000l\000a\000s\000k}{section.2.4}% 23
\BOOKMARK [2][-]{subsection.2.4.7}{\376\377\000J\000a\000v\000a\000s\000c\000r\000i\000p\000t}{section.2.4}% 24
\BOOKMARK [2][-]{subsection.2.4.8}{\376\377\000T\000y\000p\000e\000s\000c\000r\000i\000p\000t}{section.2.4}% 25
\BOOKMARK [2][-]{subsection.2.4.9}{\376\377\000V\000u\000e\000.\000j\000s}{section.2.4}% 26
\BOOKMARK [2][-]{subsection.2.4.10}{\376\377\000N\000u\000x\000t}{section.2.4}% 27
\BOOKMARK [2][-]{subsection.2.4.11}{\376\377\000C\000h\000a\000r\000t\000.\000j\000s}{section.2.4}% 28
\BOOKMARK [0][-]{chapter.3}{\376\377\000A\000n\000\341\000l\000i\000s\000i\000s\000,\000\040\000P\000l\000a\000n\000i\000f\000i\000c\000a\000c\000i\000\363\000n\000\040\000y\000\040\000D\000i\000s\000e\000\361\000o\000\040\000d\000e\000l\000\040\000S\000i\000s\000t\000e\000m\000a}{}% 29
\BOOKMARK [1][-]{section.3.1}{\376\377\000A\000n\000\341\000l\000i\000s\000i\000s\000\040\000y\000\040\000D\000e\000f\000i\000n\000i\000c\000i\000\363\000n\000\040\000d\000e\000l\000\040\000M\000o\000d\000e\000l\000o}{chapter.3}% 30
\BOOKMARK [1][-]{section.3.2}{\376\377\000A\000r\000q\000u\000i\000t\000e\000c\000t\000u\000r\000a\000\040\000d\000e\000l\000\040\000S\000i\000s\000t\000e\000m\000a}{chapter.3}% 31
\BOOKMARK [1][-]{section.3.3}{\376\377\000R\000e\000q\000u\000e\000r\000i\000m\000i\000e\000n\000t\000o\000s}{chapter.3}% 32
\BOOKMARK [2][-]{subsection.3.3.1}{\376\377\000M\000o\000d\000e\000l\000o}{section.3.3}% 33
\BOOKMARK [2][-]{subsection.3.3.2}{\376\377\000A\000P\000I}{section.3.3}% 34
\BOOKMARK [2][-]{subsection.3.3.3}{\376\377\000A\000p\000l\000i\000c\000a\000c\000i\000\363\000n\000\040\000W\000e\000b}{section.3.3}% 35
\BOOKMARK [1][-]{section.3.4}{\376\377\000D\000i\000s\000e\000\361\000o\000\040\000d\000e\000\040\000I\000n\000t\000e\000r\000f\000a\000z\000\040\000d\000e\000\040\000U\000s\000u\000a\000r\000i\000o}{chapter.3}% 36
\BOOKMARK [0][-]{chapter.4}{\376\377\000D\000e\000s\000a\000r\000r\000o\000l\000l\000o\000,\000\040\000P\000r\000u\000e\000b\000a\000s\000\040\000y\000\040\000R\000e\000s\000u\000l\000t\000a\000d\000o\000s}{}% 37
\BOOKMARK [1][-]{section.4.1}{\376\377\000I\000m\000p\000l\000e\000m\000e\000n\000t\000a\000c\000i\000\363\000n\000\040\000d\000e\000\040\000M\000\363\000d\000u\000l\000o\000s}{chapter.4}% 38
\BOOKMARK [2][-]{subsection.4.1.1}{\376\377\000M\000o\000d\000e\000l\000o}{section.4.1}% 39
\BOOKMARK [2][-]{subsection.4.1.2}{\376\377\000A\000P\000I}{section.4.1}% 40
\BOOKMARK [2][-]{subsection.4.1.3}{\376\377\000A\000p\000l\000i\000c\000a\000c\000i\000\363\000n\000\040\000W\000e\000b}{section.4.1}% 41
\BOOKMARK [1][-]{section.4.2}{\376\377\000P\000r\000u\000e\000b\000a\000s\000\040\000d\000e\000\040\000M\000\363\000d\000u\000l\000o\000s}{chapter.4}% 42
\BOOKMARK [2][-]{subsection.4.2.1}{\376\377\000M\000o\000d\000e\000l\000o}{section.4.2}% 43
\BOOKMARK [2][-]{subsection.4.2.2}{\376\377\000A\000P\000I}{section.4.2}% 44
\BOOKMARK [2][-]{subsection.4.2.3}{\376\377\000A\000p\000l\000i\000c\000a\000c\000i\000\363\000n\000\040\000W\000e\000b}{section.4.2}% 45
\BOOKMARK [1][-]{section.4.3}{\376\377\000R\000e\000s\000u\000l\000t\000a\000d\000o\000s}{chapter.4}% 46
\BOOKMARK [2][-]{subsection.4.3.1}{\376\377\000M\000o\000d\000e\000l\000o}{section.4.3}% 47
\BOOKMARK [2][-]{subsection.4.3.2}{\376\377\000A\000P\000I\000\040\000y\000\040\000A\000p\000l\000i\000c\000a\000c\000i\000\363\000n\000\040\000W\000e\000b}{section.4.3}% 48
\BOOKMARK [0][-]{chapter.5}{\376\377\000C\000o\000n\000c\000l\000u\000s\000i\000o\000n\000e\000s\000\040\000y\000\040\000R\000e\000c\000o\000m\000e\000n\000d\000a\000c\000i\000o\000n\000e\000s}{}% 49
\BOOKMARK [0][-]{section*.30}{\376\377\000B\000i\000b\000l\000i\000o\000g\000r\000a\000f\000\355\000a}{}% 50
